<?xml version="1.0" encoding="UTF-8"?>
<!-- Generated by org.testng.reporters.JUnitReportReporter -->
<testsuite skipped="0" hostname="Afsanas-MacBook-Pro.local" name="TestNGFramework.SameTestCasesRunMultipleTimes" tests="5" failures="0" timestamp="2022-12-25T11:17:44 EST" time="0.017" errors="0">
  <testcase name="getTest5" time="0.007" classname="TestNGFramework.SameTestCasesRunMultipleTimes"/>
  <system-out/>
  <testcase name="getTest5" time="0.001" classname="TestNGFramework.SameTestCasesRunMultipleTimes"/>
  <system-out/>
  <testcase name="getTest5" time="0.001" classname="TestNGFramework.SameTestCasesRunMultipleTimes"/>
  <system-out/>
  <testcase name="getTest5" time="0.004" classname="TestNGFramework.SameTestCasesRunMultipleTimes"/>
  <system-out/>
  <testcase name="getTest5" time="0.004" classname="TestNGFramework.SameTestCasesRunMultipleTimes"/>
  <system-out/>
</testsuite> <!-- TestNGFramework.SameTestCasesRunMultipleTimes -->
