<?xml version="1.0" encoding="UTF-8"?>
<!-- Generated by org.testng.reporters.JUnitReportReporter -->
<testsuite skipped="3" hostname="Afsanas-MacBook-Pro.local" name="TestNGFramework.TestNGEnableDisable" tests="5" failures="0" timestamp="2022-12-25T11:16:07 EST" time="0.019" errors="0">
  <testcase name="getTest5" time="0.011" classname="TestNGFramework.TestNGEnableDisable"/>
  <system-out/>
  <testcase name="getTest3" time="0.008" classname="TestNGFramework.TestNGEnableDisable"/>
  <system-out/>
  <testcase name="getTest4" classname="TestNGFramework.TestNGEnableDisable">
    <skipped/>
  </testcase> <!-- getTest4 -->
  <system-out/>
  <testcase name="getTest2" classname="TestNGFramework.TestNGEnableDisable">
    <skipped/>
  </testcase> <!-- getTest2 -->
  <system-out/>
  <testcase name="getTest1" classname="TestNGFramework.TestNGEnableDisable">
    <skipped/>
  </testcase> <!-- getTest1 -->
  <system-out/>
</testsuite> <!-- TestNGFramework.TestNGEnableDisable -->
