<?xml version="1.0" encoding="UTF-8"?>
<!-- Generated by org.testng.reporters.JUnitReportReporter -->
<testsuite skipped="0" hostname="Afsanas-MacBook-Pro.local" name="smart.usa.Runner.MyRunner" tests="1" failures="0" timestamp="2022-12-20T19:41:55 EST" time="32.917" errors="0">
  <testcase name="runScenario" time="32.917" classname="smart.usa.Runner.MyRunner"/>
  <system-out/>
</testsuite> <!-- smart.usa.Runner.MyRunner -->
