<?xml version="1.0" encoding="UTF-8"?>
<!-- Generated by org.testng.reporters.JUnitReportReporter -->
<testsuite skipped="0" hostname="Afsanas-MacBook-Pro.local" name="TestNGFramework.TestNGPriority" tests="5" failures="0" timestamp="2022-12-25T11:13:59 EST" time="0.059" errors="0">
  <testcase name="getTest5" time="0.021" classname="TestNGFramework.TestNGPriority"/>
  <system-out/>
  <testcase name="getTest4" time="0.012" classname="TestNGFramework.TestNGPriority"/>
  <system-out/>
  <testcase name="getTest3" time="0.004" classname="TestNGFramework.TestNGPriority"/>
  <system-out/>
  <testcase name="getTest2" time="0.013" classname="TestNGFramework.TestNGPriority"/>
  <system-out/>
  <testcase name="getTest1" time="0.009" classname="TestNGFramework.TestNGPriority"/>
  <system-out/>
</testsuite> <!-- TestNGFramework.TestNGPriority -->
