<?xml version="1.0" encoding="UTF-8"?>
<!-- Generated by org.testng.reporters.JUnitReportReporter -->
<testsuite skipped="0" hostname="Afsanas-MacBook-Pro.local" name="TestNGFramework.CrossBrowserTesting" tests="3" failures="0" timestamp="2022-12-25T11:52:27 EST" time="38.738" errors="0">
  <testcase name="getTest" time="8.755" classname="TestNGFramework.CrossBrowserTesting"/>
  <system-out/>
  <testcase name="getTest" time="12.455" classname="TestNGFramework.CrossBrowserTesting"/>
  <system-out/>
  <testcase name="getTest" time="17.528" classname="TestNGFramework.CrossBrowserTesting"/>
  <system-out/>
</testsuite> <!-- TestNGFramework.CrossBrowserTesting -->
