<?xml version="1.0" encoding="UTF-8"?>
<!-- Generated by org.testng.reporters.JUnitReportReporter -->
<testsuite skipped="0" hostname="Afsanas-MacBook-Pro.local" name="TestNGFramework.BaseAnnotationSeq" tests="1" failures="0" timestamp="2022-12-25T10:55:36 EST" time="0.008" errors="0">
  <testcase name="getTest" time="0.008" classname="TestNGFramework.BaseAnnotationSeq"/>
  <system-out/>
</testsuite> <!-- TestNGFramework.BaseAnnotationSeq -->
