<?xml version="1.0" encoding="UTF-8"?>
<!-- Generated by org.testng.reporters.JUnitReportReporter -->
<testsuite skipped="0" hostname="Afsanas-MacBook-Pro.local" name="TestNGFramework.TestNGFailedTestCases" tests="1" failures="0" timestamp="2022-12-25T11:28:57 EST" time="0.013" errors="0">
  <testcase name="getTest2" time="0.013" classname="TestNGFramework.TestNGFailedTestCases"/>
  <system-out/>
</testsuite> <!-- TestNGFramework.TestNGFailedTestCases -->
