<?xml version="1.0" encoding="UTF-8"?>
<!-- Generated by org.testng.reporters.JUnitReportReporter -->
<testsuite skipped="0" hostname="Afsanas-MacBook-Pro.local" name="TestNGFramework.TestNGParallelTesting" tests="3" failures="0" timestamp="2022-12-25T12:10:52 EST" time="62.681" errors="0">
  <testcase name="getTest2" time="21.106" classname="TestNGFramework.TestNGParallelTesting"/>
  <system-out/>
  <testcase name="getTest1" time="20.469" classname="TestNGFramework.TestNGParallelTesting"/>
  <system-out/>
  <testcase name="getTest3" time="21.106" classname="TestNGFramework.TestNGParallelTesting"/>
  <system-out/>
</testsuite> <!-- TestNGFramework.TestNGParallelTesting -->
