<?xml version="1.0" encoding="UTF-8"?>
<!-- Generated by org.testng.reporters.JUnitReportReporter -->
<testsuite skipped="0" hostname="Afsanas-MacBook-Pro.local" name="TestNGFramework.DataProviderTest" tests="2" failures="0" timestamp="2022-12-25T13:10:28 EST" time="0.007" errors="0">
  <testcase name="getMyTest" time="0.006" classname="TestNGFramework.DataProviderTest"/>
  <system-out/>
  <testcase name="getMyTest" time="0.001" classname="TestNGFramework.DataProviderTest"/>
  <system-out/>
</testsuite> <!-- TestNGFramework.DataProviderTest -->
