<?xml version="1.0" encoding="UTF-8"?>
<!-- Generated by org.testng.reporters.JUnitReportReporter -->
<testsuite skipped="0" hostname="Afsanas-MacBook-Pro.local" name="TestNGFramework.TestNGTestExecution" tests="5" failures="0" timestamp="2022-12-25T11:05:09 EST" time="0.023" errors="0">
  <testcase name="getTest2" time="0.001" classname="TestNGFramework.TestNGTestExecution"/>
  <system-out/>
  <testcase name="getTest5" time="0.004" classname="TestNGFramework.TestNGTestExecution"/>
  <system-out/>
  <testcase name="getTest3" time="0.004" classname="TestNGFramework.TestNGTestExecution"/>
  <system-out/>
  <testcase name="getTest4" time="0.007" classname="TestNGFramework.TestNGTestExecution"/>
  <system-out/>
  <testcase name="getTest1" time="0.007" classname="TestNGFramework.TestNGTestExecution"/>
  <system-out/>
</testsuite> <!-- TestNGFramework.TestNGTestExecution -->
